# JRE version: Java(TM) SE Runtime Environment (7.0_67-b01) (build 1.7.0_67-b01)
# Java VM: Java HotSpot(TM) 64-Bit Server VM (24.65-b04 mixed mode windows-amd64 compressed oops)
Heap
 PSYoungGen      total 305664K, used 278595K [0x00000000eaa80000, 0x0000000100000000, 0x0000000100000000)
  eden space 261632K, 89% used [0x00000000eaa80000,0x00000000f8f98058,0x00000000faa00000)
  from space 44032K, 99% used [0x00000000faa00000,0x00000000fd4f8dc8,0x00000000fd500000)
  to   space 44032K, 0% used [0x00000000fd500000,0x00000000fd500000,0x0000000100000000)
 ParOldGen       total 137216K, used 42486K [0x00000000c0000000, 0x00000000c8600000, 0x00000000eaa80000)
  object space 137216K, 30% used [0x00000000c0000000,0x00000000c297dbc8,0x00000000c8600000)
 PSPermGen       total 89600K, used 76080K [0x00000000b0000000, 0x00000000b5780000, 0x00000000c0000000)
  object space 89600K, 84% used [0x00000000b0000000,0x00000000b4a4c2a8,0x00000000b5780000)
GC Heap History (10 events):
Event: 279.758 GC heap before
{Heap before GC invocations=24 (full 4):
 PSYoungGen      total 301568K, used 33780K [0x00000000eaa80000, 0x0000000100000000, 0x0000000100000000)
  eden space 267776K, 0% used [0x00000000eaa80000,0x00000000eaa80000,0x00000000fb000000)
  from space 33792K, 99% used [0x00000000fdf00000,0x00000000ffffd378,0x0000000100000000)
  to   space 40960K, 0% used [0x00000000fb000000,0x00000000fb000000,0x00000000fd800000)
 ParOldGen       total 137216K, used 74030K [0x00000000c0000000, 0x00000000c8600000, 0x00000000eaa80000)
  object space 137216K, 53% used [0x00000000c0000000,0x00000000c484bbb8,0x00000000c8600000)
 PSPermGen       total 112640K, used 85444K [0x00000000b0000000, 0x00000000b6e00000, 0x00000000c0000000)
  object space 112640K, 75% used [0x00000000b0000000,0x00000000b53712e0,0x00000000b6e00000)
Event: 280.274 GC heap after
Heap after GC invocations=24 (full 4):
 PSYoungGen      total 301568K, used 0K [0x00000000eaa80000, 0x0000000100000000, 0x0000000100000000)
  eden space 267776K, 0% used [0x00000000eaa80000,0x00000000eaa80000,0x00000000fb000000)
  from space 33792K, 0% used [0x00000000fdf00000,0x00000000fdf00000,0x0000000100000000)
  to   space 40960K, 0% used [0x00000000fb000000,0x00000000fb000000,0x00000000fd800000)
 ParOldGen       total 137216K, used 105828K [0x00000000c0000000, 0x00000000c8600000, 0x00000000eaa80000)
  object space 137216K, 77% used [0x00000000c0000000,0x00000000c67591a8,0x00000000c8600000)
 PSPermGen       total 126464K, used 85432K [0x00000000b0000000, 0x00000000b7b80000, 0x00000000c0000000)
  object space 126464K, 67% used [0x00000000b0000000,0x00000000b536e0a0,0x00000000b7b80000)
}
Event: 1308.995 GC heap before
{Heap before GC invocations=25 (full 4):
 PSYoungGen      total 301568K, used 242269K [0x00000000eaa80000, 0x0000000100000000, 0x0000000100000000)
  eden space 267776K, 90% used [0x00000000eaa80000,0x00000000f9717440,0x00000000fb000000)
  from space 33792K, 0% used [0x00000000fdf00000,0x00000000fdf00000,0x0000000100000000)
  to   space 40960K, 0% used [0x00000000fb000000,0x00000000fb000000,0x00000000fd800000)
 ParOldGen       total 137216K, used 105828K [0x00000000c0000000, 0x00000000c8600000, 0x00000000eaa80000)
  object space 137216K, 77% used [0x00000000c0000000,0x00000000c67591a8,0x00000000c8600000)
 PSPermGen       total 126464K, used 94459K [0x00000000b0000000, 0x00000000b7b80000, 0x00000000c0000000)
  object space 126464K, 74% used [0x00000000b0000000,0x00000000b5c3ee10,0x00000000b7b80000)
Event: 1309.014 GC heap after
Heap after GC invocations=25 (full 4):
 PSYoungGen      total 290816K, used 22965K [0x00000000eaa80000, 0x0000000100000000, 0x0000000100000000)
  eden space 267776K, 0% used [0x00000000eaa80000,0x00000000eaa80000,0x00000000fb000000)
  from space 23040K, 99% used [0x00000000fb000000,0x00000000fc66d6c8,0x00000000fc680000)
  to   space 41472K, 0% used [0x00000000fd780000,0x00000000fd780000,0x0000000100000000)
 ParOldGen       total 137216K, used 105828K [0x00000000c0000000, 0x00000000c8600000, 0x00000000eaa80000)
  object space 137216K, 77% used [0x00000000c0000000,0x00000000c67591a8,0x00000000c8600000)
 PSPermGen       total 126464K, used 94459K [0x00000000b0000000, 0x00000000b7b80000, 0x00000000c0000000)
  object space 126464K, 74% used [0x00000000b0000000,0x00000000b5c3ee10,0x00000000b7b80000)
}
Event: 1309.014 GC heap before
{Heap before GC invocations=26 (full 5):
 PSYoungGen      total 290816K, used 22965K [0x00000000eaa80000, 0x0000000100000000, 0x0000000100000000)
  eden space 267776K, 0% used [0x00000000eaa80000,0x00000000eaa80000,0x00000000fb000000)
  from space 23040K, 99% used [0x00000000fb000000,0x00000000fc66d6c8,0x00000000fc680000)
  to   space 41472K, 0% used [0x00000000fd780000,0x00000000fd780000,0x0000000100000000)
 ParOldGen       total 137216K, used 105828K [0x00000000c0000000, 0x00000000c8600000, 0x00000000eaa80000)
  object space 137216K, 77% used [0x00000000c0000000,0x00000000c67591a8,0x00000000c8600000)
 PSPermGen       total 126464K, used 94459K [0x00000000b0000000, 0x00000000b7b80000, 0x00000000c0000000)
  object space 126464K, 74% used [0x00000000b0000000,0x00000000b5c3ee10,0x00000000b7b80000)
Event: 1309.255 GC heap after
Heap after GC invocations=26 (full 5):
 PSYoungGen      total 290816K, used 0K [0x00000000eaa80000, 0x0000000100000000, 0x0000000100000000)
  eden space 267776K, 0% used [0x00000000eaa80000,0x00000000eaa80000,0x00000000fb000000)
  from space 23040K, 0% used [0x00000000fb000000,0x00000000fb000000,0x00000000fc680000)
  to   space 41472K, 0% used [0x00000000fd780000,0x00000000fd780000,0x0000000100000000)
 ParOldGen       total 137216K, used 40935K [0x00000000c0000000, 0x00000000c8600000, 0x00000000eaa80000)
  object space 137216K, 29% used [0x00000000c0000000,0x00000000c27f9fd0,0x00000000c8600000)
 PSPermGen       total 89600K, used 48714K [0x00000000b0000000, 0x00000000b5780000, 0x00000000c0000000)
  object space 89600K, 54% used [0x00000000b0000000,0x00000000b2f928c8,0x00000000b5780000)
}
Event: 1352.769 GC heap before
{Heap before GC invocations=27 (full 5):
 PSYoungGen      total 290816K, used 267776K [0x00000000eaa80000, 0x0000000100000000, 0x0000000100000000)
  eden space 267776K, 100% used [0x00000000eaa80000,0x00000000fb000000,0x00000000fb000000)
  from space 23040K, 0% used [0x00000000fb000000,0x00000000fb000000,0x00000000fc680000)
  to   space 41472K, 0% used [0x00000000fd780000,0x00000000fd780000,0x0000000100000000)
 ParOldGen       total 137216K, used 40935K [0x00000000c0000000, 0x00000000c8600000, 0x00000000eaa80000)
  object space 137216K, 29% used [0x00000000c0000000,0x00000000c27f9fd0,0x00000000c8600000)
 PSPermGen       total 89600K, used 58061K [0x00000000b0000000, 0x00000000b5780000, 0x00000000c0000000)
  object space 89600K, 64% used [0x00000000b0000000,0x00000000b38b3788,0x00000000b5780000)
Event: 1352.794 GC heap after
Heap after GC invocations=27 (full 5):
 PSYoungGen      total 303104K, used 29407K [0x00000000eaa80000, 0x0000000100000000, 0x0000000100000000)
  eden space 261632K, 0% used [0x00000000eaa80000,0x00000000eaa80000,0x00000000faa00000)
  from space 41472K, 70% used [0x00000000fd780000,0x00000000ff437c48,0x0000000100000000)
  to   space 44032K, 0% used [0x00000000faa00000,0x00000000faa00000,0x00000000fd500000)
 ParOldGen       total 137216K, used 40935K [0x00000000c0000000, 0x00000000c8600000, 0x00000000eaa80000)
  object space 137216K, 29% used [0x00000000c0000000,0x00000000c27f9fd0,0x00000000c8600000)
 PSPermGen       total 89600K, used 58061K [0x00000000b0000000, 0x00000000b5780000, 0x00000000c0000000)
  object space 89600K, 64% used [0x00000000b0000000,0x00000000b38b3788,0x00000000b5780000)
}
Event: 1384.915 GC heap before
{Heap before GC invocations=28 (full 5):
 PSYoungGen      total 303104K, used 291039K [0x00000000eaa80000, 0x0000000100000000, 0x0000000100000000)
  eden space 261632K, 100% used [0x00000000eaa80000,0x00000000faa00000,0x00000000faa00000)
  from space 41472K, 70% used [0x00000000fd780000,0x00000000ff437c48,0x0000000100000000)
  to   space 44032K, 0% used [0x00000000faa00000,0x00000000faa00000,0x00000000fd500000)
 ParOldGen       total 137216K, used 40935K [0x00000000c0000000, 0x00000000c8600000, 0x00000000eaa80000)
  object space 137216K, 29% used [0x00000000c0000000,0x00000000c27f9fd0,0x00000000c8600000)
 PSPermGen       total 89600K, used 67148K [0x00000000b0000000, 0x00000000b5780000, 0x00000000c0000000)
  object space 89600K, 74% used [0x00000000b0000000,0x00000000b41930e8,0x00000000b5780000)
Event: 1384.942 GC heap after
Heap after GC invocations=28 (full 5):
 PSYoungGen      total 305664K, used 44003K [0x00000000eaa80000, 0x0000000100000000, 0x0000000100000000)
  eden space 261632K, 0% used [0x00000000eaa80000,0x00000000eaa80000,0x00000000faa00000)
  from space 44032K, 99% used [0x00000000faa00000,0x00000000fd4f8dc8,0x00000000fd500000)
  to   space 44032K, 0% used [0x00000000fd500000,0x00000000fd500000,0x0000000100000000)
 ParOldGen       total 137216K, used 42486K [0x00000000c0000000, 0x00000000c8600000, 0x00000000eaa80000)
  object space 137216K, 30% used [0x00000000c0000000,0x00000000c297dbc8,0x00000000c8600000)
 PSPermGen       total 89600K, used 67148K [0x00000000b0000000, 0x00000000b5780000, 0x00000000c0000000)
  object space 89600K, 74% used [0x00000000b0000000,0x00000000b41930e8,0x00000000b5780000)
}

